# JRE version: OpenJDK Runtime Environment Temurin-21.0.6+7 (21.0.6+7) (build 21.0.6+7-LTS)
# Java VM: OpenJDK 64-Bit Server VM Temurin-21.0.6+7 (21.0.6+7-LTS, mixed mode, sharing, tiered, compressed oops, compressed class ptrs, parallel gc, windows-amd64)
GC Precious Log:
 CardTable entry size: 512
 CPUs: 16 total, 16 available
 Memory: 7861M
 Large Page Support: Disabled
 NUMA Support: Disabled
 Compressed Oops: Enabled (32-bit)
 Alignments: Space 512K, Generation 512K, Heap 2M
 Heap Min Capacity: 100M
 Heap Initial Capacity: 100M
 Heap Max Capacity: 1G
 Pre-touch: Disabled
 Parallel Workers: 13
Heap:
 PSYoungGen      total 79872K, used 76462K [0x00000000eab00000, 0x00000000f0f00000, 0x0000000100000000)
  eden space 68096K, 95% used [0x00000000eab00000,0x00000000eea2f7b0,0x00000000eed80000)
  from space 11776K, 99% used [0x00000000efc80000,0x00000000f07fc1b8,0x00000000f0800000)
  to   space 15360K, 0% used [0x00000000eed80000,0x00000000eed80000,0x00000000efc80000)
 ParOldGen       total 561152K, used 560851K [0x00000000c0000000, 0x00000000e2400000, 0x00000000eab00000)
  object space 561152K, 99% used [0x00000000c0000000,0x00000000e23b4eb0,0x00000000e2400000)
 Metaspace       used 86061K, committed 88512K, reserved 1179648K
  class space    used 9723K, committed 10688K, reserved 1048576K
GC Heap History (20 events):
Event: 6424.801 GC heap before
{Heap before GC invocations=11524 (full 30):
 PSYoungGen      total 47104K, used 47088K [0x00000000eab00000, 0x00000000f0680000, 0x0000000100000000)
  eden space 37376K, 100% used [0x00000000eab00000,0x00000000ecf80000,0x00000000ecf80000)
  from space 9728K, 99% used [0x00000000ee400000,0x00000000eed7c088,0x00000000eed80000)
  to   space 20992K, 0% used [0x00000000ecf80000,0x00000000ecf80000,0x00000000ee400000)
 ParOldGen       total 698368K, used 698021K [0x00000000c0000000, 0x00000000eaa00000, 0x00000000eab00000)
  object space 698368K, 99% used [0x00000000c0000000,0x00000000ea9a9790,0x00000000eaa00000)
 Metaspace       used 86056K, committed 88512K, reserved 1179648K
  class space    used 9723K, committed 10688K, reserved 1048576K
}
Event: 6426.643 GC heap after
{Heap after GC invocations=11524 (full 30):
 PSYoungGen      total 58368K, used 0K [0x00000000eab00000, 0x00000000eff80000, 0x0000000100000000)
  eden space 37376K, 0% used [0x00000000eab00000,0x00000000eab00000,0x00000000ecf80000)
  from space 20992K, 0% used [0x00000000ecf80000,0x00000000ecf80000,0x00000000ee400000)
  to   space 20992K, 0% used [0x00000000eeb00000,0x00000000eeb00000,0x00000000eff80000)
 ParOldGen       total 559104K, used 520829K [0x00000000c0000000, 0x00000000e2200000, 0x00000000eab00000)
  object space 559104K, 93% used [0x00000000c0000000,0x00000000dfc9f7d0,0x00000000e2200000)
 Metaspace       used 86056K, committed 88512K, reserved 1179648K
  class space    used 9723K, committed 10688K, reserved 1048576K
}
Event: 6747.707 GC heap before
{Heap before GC invocations=11525 (full 30):
 PSYoungGen      total 58368K, used 37376K [0x00000000eab00000, 0x00000000eff80000, 0x0000000100000000)
  eden space 37376K, 100% used [0x00000000eab00000,0x00000000ecf80000,0x00000000ecf80000)
  from space 20992K, 0% used [0x00000000ecf80000,0x00000000ecf80000,0x00000000ee400000)
  to   space 20992K, 0% used [0x00000000eeb00000,0x00000000eeb00000,0x00000000eff80000)
 ParOldGen       total 559104K, used 520829K [0x00000000c0000000, 0x00000000e2200000, 0x00000000eab00000)
  object space 559104K, 93% used [0x00000000c0000000,0x00000000dfc9f7d0,0x00000000e2200000)
 Metaspace       used 86061K, committed 88512K, reserved 1179648K
  class space    used 9723K, committed 10688K, reserved 1048576K
}
Event: 6747.801 GC heap after
{Heap after GC invocations=11525 (full 30):
 PSYoungGen      total 41984K, used 5412K [0x00000000eab00000, 0x00000000ef080000, 0x0000000100000000)
  eden space 36352K, 0% used [0x00000000eab00000,0x00000000eab00000,0x00000000ece80000)
  from space 5632K, 96% used [0x00000000eeb00000,0x00000000ef0492f0,0x00000000ef080000)
  to   space 10752K, 0% used [0x00000000edb80000,0x00000000edb80000,0x00000000ee600000)
 ParOldGen       total 559104K, used 520829K [0x00000000c0000000, 0x00000000e2200000, 0x00000000eab00000)
  object space 559104K, 93% used [0x00000000c0000000,0x00000000dfc9f7d0,0x00000000e2200000)
 Metaspace       used 86061K, committed 88512K, reserved 1179648K
  class space    used 9723K, committed 10688K, reserved 1048576K
}
Event: 6747.823 GC heap before
{Heap before GC invocations=11526 (full 30):
 PSYoungGen      total 41984K, used 41764K [0x00000000eab00000, 0x00000000ef080000, 0x0000000100000000)
  eden space 36352K, 100% used [0x00000000eab00000,0x00000000ece80000,0x00000000ece80000)
  from space 5632K, 96% used [0x00000000eeb00000,0x00000000ef0492f0,0x00000000ef080000)
  to   space 10752K, 0% used [0x00000000edb80000,0x00000000edb80000,0x00000000ee600000)
 ParOldGen       total 559104K, used 520829K [0x00000000c0000000, 0x00000000e2200000, 0x00000000eab00000)
  object space 559104K, 93% used [0x00000000c0000000,0x00000000dfc9f7d0,0x00000000e2200000)
 Metaspace       used 86061K, committed 88512K, reserved 1179648K
  class space    used 9723K, committed 10688K, reserved 1048576K
}
Event: 6747.853 GC heap after
{Heap after GC invocations=11526 (full 30):
 PSYoungGen      total 54272K, used 10731K [0x00000000eab00000, 0x00000000ef880000, 0x0000000100000000)
  eden space 43520K, 0% used [0x00000000eab00000,0x00000000eab00000,0x00000000ed580000)
  from space 10752K, 99% used [0x00000000edb80000,0x00000000ee5faeb0,0x00000000ee600000)
  to   space 17920K, 0% used [0x00000000ee700000,0x00000000ee700000,0x00000000ef880000)
 ParOldGen       total 559104K, used 525975K [0x00000000c0000000, 0x00000000e2200000, 0x00000000eab00000)
  object space 559104K, 94% used [0x00000000c0000000,0x00000000e01a5e50,0x00000000e2200000)
 Metaspace       used 86061K, committed 88512K, reserved 1179648K
  class space    used 9723K, committed 10688K, reserved 1048576K
}
Event: 6747.886 GC heap before
{Heap before GC invocations=11527 (full 30):
 PSYoungGen      total 54272K, used 54251K [0x00000000eab00000, 0x00000000ef880000, 0x0000000100000000)
  eden space 43520K, 100% used [0x00000000eab00000,0x00000000ed580000,0x00000000ed580000)
  from space 10752K, 99% used [0x00000000edb80000,0x00000000ee5faeb0,0x00000000ee600000)
  to   space 17920K, 0% used [0x00000000ee700000,0x00000000ee700000,0x00000000ef880000)
 ParOldGen       total 559104K, used 525975K [0x00000000c0000000, 0x00000000e2200000, 0x00000000eab00000)
  object space 559104K, 94% used [0x00000000c0000000,0x00000000e01a5e50,0x00000000e2200000)
 Metaspace       used 86061K, committed 88512K, reserved 1179648K
  class space    used 9723K, committed 10688K, reserved 1048576K
}
Event: 6747.918 GC heap after
{Heap after GC invocations=11527 (full 30):
 PSYoungGen      total 65024K, used 11228K [0x00000000eab00000, 0x00000000ef780000, 0x0000000100000000)
  eden space 48128K, 0% used [0x00000000eab00000,0x00000000eab00000,0x00000000eda00000)
  from space 16896K, 66% used [0x00000000ee700000,0x00000000ef1f7360,0x00000000ef780000)
  to   space 13312K, 0% used [0x00000000eda00000,0x00000000eda00000,0x00000000ee700000)
 ParOldGen       total 559104K, used 535494K [0x00000000c0000000, 0x00000000e2200000, 0x00000000eab00000)
  object space 559104K, 95% used [0x00000000c0000000,0x00000000e0af1b88,0x00000000e2200000)
 Metaspace       used 86061K, committed 88512K, reserved 1179648K
  class space    used 9723K, committed 10688K, reserved 1048576K
}
Event: 6747.992 GC heap before
{Heap before GC invocations=11528 (full 30):
 PSYoungGen      total 65024K, used 59356K [0x00000000eab00000, 0x00000000ef780000, 0x0000000100000000)
  eden space 48128K, 100% used [0x00000000eab00000,0x00000000eda00000,0x00000000eda00000)
  from space 16896K, 66% used [0x00000000ee700000,0x00000000ef1f7360,0x00000000ef780000)
  to   space 13312K, 0% used [0x00000000eda00000,0x00000000eda00000,0x00000000ee700000)
 ParOldGen       total 559104K, used 535494K [0x00000000c0000000, 0x00000000e2200000, 0x00000000eab00000)
  object space 559104K, 95% used [0x00000000c0000000,0x00000000e0af1b88,0x00000000e2200000)
 Metaspace       used 86061K, committed 88512K, reserved 1179648K
  class space    used 9723K, committed 10688K, reserved 1048576K
}
Event: 6748.012 GC heap after
{Heap after GC invocations=11528 (full 30):
 PSYoungGen      total 61440K, used 11570K [0x00000000eab00000, 0x00000000efa00000, 0x0000000100000000)
  eden space 48128K, 0% used [0x00000000eab00000,0x00000000eab00000,0x00000000eda00000)
  from space 13312K, 86% used [0x00000000eda00000,0x00000000ee54cbe0,0x00000000ee700000)
  to   space 11776K, 0% used [0x00000000eee80000,0x00000000eee80000,0x00000000efa00000)
 ParOldGen       total 559104K, used 539105K [0x00000000c0000000, 0x00000000e2200000, 0x00000000eab00000)
  object space 559104K, 96% used [0x00000000c0000000,0x00000000e0e784f8,0x00000000e2200000)
 Metaspace       used 86061K, committed 88512K, reserved 1179648K
  class space    used 9723K, committed 10688K, reserved 1048576K
}
Event: 6805.013 GC heap before
{Heap before GC invocations=11529 (full 30):
 PSYoungGen      total 61440K, used 59548K [0x00000000eab00000, 0x00000000efa00000, 0x0000000100000000)
  eden space 48128K, 99% used [0x00000000eab00000,0x00000000ed9da7f8,0x00000000eda00000)
  from space 13312K, 86% used [0x00000000eda00000,0x00000000ee54cbe0,0x00000000ee700000)
  to   space 11776K, 0% used [0x00000000eee80000,0x00000000eee80000,0x00000000efa00000)
 ParOldGen       total 559104K, used 539105K [0x00000000c0000000, 0x00000000e2200000, 0x00000000eab00000)
  object space 559104K, 96% used [0x00000000c0000000,0x00000000e0e784f8,0x00000000e2200000)
 Metaspace       used 86061K, committed 88512K, reserved 1179648K
  class space    used 9723K, committed 10688K, reserved 1048576K
}
Event: 6805.042 GC heap after
{Heap after GC invocations=11529 (full 30):
 PSYoungGen      total 57856K, used 448K [0x00000000eab00000, 0x00000000eef00000, 0x0000000100000000)
  eden space 57344K, 0% used [0x00000000eab00000,0x00000000eab00000,0x00000000ee300000)
  from space 512K, 87% used [0x00000000eee80000,0x00000000eeef0020,0x00000000eef00000)
  to   space 4608K, 0% used [0x00000000ee600000,0x00000000ee600000,0x00000000eea80000)
 ParOldGen       total 559104K, used 543433K [0x00000000c0000000, 0x00000000e2200000, 0x00000000eab00000)
  object space 559104K, 97% used [0x00000000c0000000,0x00000000e12b24f8,0x00000000e2200000)
 Metaspace       used 86061K, committed 88512K, reserved 1179648K
  class space    used 9723K, committed 10688K, reserved 1048576K
}
Event: 6805.068 GC heap before
{Heap before GC invocations=11530 (full 30):
 PSYoungGen      total 57856K, used 57792K [0x00000000eab00000, 0x00000000eef00000, 0x0000000100000000)
  eden space 57344K, 100% used [0x00000000eab00000,0x00000000ee300000,0x00000000ee300000)
  from space 512K, 87% used [0x00000000eee80000,0x00000000eeef0020,0x00000000eef00000)
  to   space 4608K, 0% used [0x00000000ee600000,0x00000000ee600000,0x00000000eea80000)
 ParOldGen       total 559104K, used 543433K [0x00000000c0000000, 0x00000000e2200000, 0x00000000eab00000)
  object space 559104K, 97% used [0x00000000c0000000,0x00000000e12b24f8,0x00000000e2200000)
 Metaspace       used 86061K, committed 88512K, reserved 1179648K
  class space    used 9723K, committed 10688K, reserved 1048576K
}
Event: 6805.086 GC heap after
{Heap after GC invocations=11530 (full 30):
 PSYoungGen      total 65024K, used 4591K [0x00000000eab00000, 0x00000000f0d00000, 0x0000000100000000)
  eden space 60416K, 0% used [0x00000000eab00000,0x00000000eab00000,0x00000000ee600000)
  from space 4608K, 99% used [0x00000000ee600000,0x00000000eea7bdd8,0x00000000eea80000)
  to   space 15872K, 0% used [0x00000000efd80000,0x00000000efd80000,0x00000000f0d00000)
 ParOldGen       total 559104K, used 552362K [0x00000000c0000000, 0x00000000e2200000, 0x00000000eab00000)
  object space 559104K, 98% used [0x00000000c0000000,0x00000000e1b6a880,0x00000000e2200000)
 Metaspace       used 86061K, committed 88512K, reserved 1179648K
  class space    used 9723K, committed 10688K, reserved 1048576K
}
Event: 6805.110 GC heap before
{Heap before GC invocations=11531 (full 30):
 PSYoungGen      total 65024K, used 65007K [0x00000000eab00000, 0x00000000f0d00000, 0x0000000100000000)
  eden space 60416K, 100% used [0x00000000eab00000,0x00000000ee600000,0x00000000ee600000)
  from space 4608K, 99% used [0x00000000ee600000,0x00000000eea7bdd8,0x00000000eea80000)
  to   space 15872K, 0% used [0x00000000efd80000,0x00000000efd80000,0x00000000f0d00000)
 ParOldGen       total 559104K, used 552362K [0x00000000c0000000, 0x00000000e2200000, 0x00000000eab00000)
  object space 559104K, 98% used [0x00000000c0000000,0x00000000e1b6a880,0x00000000e2200000)
 Metaspace       used 86061K, committed 88512K, reserved 1179648K
  class space    used 9723K, committed 10688K, reserved 1048576K
}
Event: 6807.127 GC heap after
{Heap after GC invocations=11531 (full 30):
 PSYoungGen      total 76288K, used 14404K [0x00000000eab00000, 0x00000000f0d00000, 0x0000000100000000)
  eden space 60416K, 0% used [0x00000000eab00000,0x00000000eab00000,0x00000000ee600000)
  from space 15872K, 90% used [0x00000000efd80000,0x00000000f0b912e0,0x00000000f0d00000)
  to   space 4608K, 0% used [0x00000000ee600000,0x00000000ee600000,0x00000000eea80000)
 ParOldGen       total 559104K, used 553194K [0x00000000c0000000, 0x00000000e2200000, 0x00000000eab00000)
  object space 559104K, 98% used [0x00000000c0000000,0x00000000e1c3a880,0x00000000e2200000)
 Metaspace       used 86061K, committed 88512K, reserved 1179648K
  class space    used 9723K, committed 10688K, reserved 1048576K
}
Event: 6807.512 GC heap before
{Heap before GC invocations=11532 (full 30):
 PSYoungGen      total 76288K, used 74820K [0x00000000eab00000, 0x00000000f0d00000, 0x0000000100000000)
  eden space 60416K, 100% used [0x00000000eab00000,0x00000000ee600000,0x00000000ee600000)
  from space 15872K, 90% used [0x00000000efd80000,0x00000000f0b912e0,0x00000000f0d00000)
  to   space 4608K, 0% used [0x00000000ee600000,0x00000000ee600000,0x00000000eea80000)
 ParOldGen       total 559104K, used 553194K [0x00000000c0000000, 0x00000000e2200000, 0x00000000eab00000)
  object space 559104K, 98% used [0x00000000c0000000,0x00000000e1c3a880,0x00000000e2200000)
 Metaspace       used 86061K, committed 88512K, reserved 1179648K
  class space    used 9723K, committed 10688K, reserved 1048576K
}
Event: 6807.525 GC heap after
{Heap after GC invocations=11532 (full 30):
 PSYoungGen      total 65024K, used 4603K [0x00000000eab00000, 0x00000000f0800000, 0x0000000100000000)
  eden space 60416K, 0% used [0x00000000eab00000,0x00000000eab00000,0x00000000ee600000)
  from space 4608K, 99% used [0x00000000ee600000,0x00000000eea7ed48,0x00000000eea80000)
  to   space 11776K, 0% used [0x00000000efc80000,0x00000000efc80000,0x00000000f0800000)
 ParOldGen       total 559104K, used 558442K [0x00000000c0000000, 0x00000000e2200000, 0x00000000eab00000)
  object space 559104K, 99% used [0x00000000c0000000,0x00000000e215ab98,0x00000000e2200000)
 Metaspace       used 86061K, committed 88512K, reserved 1179648K
  class space    used 9723K, committed 10688K, reserved 1048576K
}
Event: 6807.547 GC heap before
{Heap before GC invocations=11533 (full 30):
 PSYoungGen      total 65024K, used 65019K [0x00000000eab00000, 0x00000000f0800000, 0x0000000100000000)
  eden space 60416K, 100% used [0x00000000eab00000,0x00000000ee600000,0x00000000ee600000)
  from space 4608K, 99% used [0x00000000ee600000,0x00000000eea7ed48,0x00000000eea80000)
  to   space 11776K, 0% used [0x00000000efc80000,0x00000000efc80000,0x00000000f0800000)
 ParOldGen       total 559104K, used 558442K [0x00000000c0000000, 0x00000000e2200000, 0x00000000eab00000)
  object space 559104K, 99% used [0x00000000c0000000,0x00000000e215ab98,0x00000000e2200000)
 Metaspace       used 86061K, committed 88512K, reserved 1179648K
  class space    used 9723K, committed 10688K, reserved 1048576K
}
Event: 6807.556 GC heap after
{Heap after GC invocations=11533 (full 30):
 PSYoungGen      total 79872K, used 11760K [0x00000000eab00000, 0x00000000f0f00000, 0x0000000100000000)
  eden space 68096K, 0% used [0x00000000eab00000,0x00000000eab00000,0x00000000eed80000)
  from space 11776K, 99% used [0x00000000efc80000,0x00000000f07fc1b8,0x00000000f0800000)
  to   space 15360K, 0% used [0x00000000eed80000,0x00000000eed80000,0x00000000efc80000)
 ParOldGen       total 561152K, used 560851K [0x00000000c0000000, 0x00000000e2400000, 0x00000000eab00000)
  object space 561152K, 99% used [0x00000000c0000000,0x00000000e23b4eb0,0x00000000e2400000)
 Metaspace       used 86061K, committed 88512K, reserved 1179648K
  class space    used 9723K, committed 10688K, reserved 1048576K
}

